<?xml version="1.0" encoding="UTF-8"?>
<!-- Generated by org.testng.reporters.JUnitReportReporter -->
<testsuite skipped="1" hostname="DESKTOP-01THEB1" name="com.edureka.testng.AppDemo" tests="3" failures="0" timestamp="15 Oct 2019 01:55:43 GMT" time="0.007" errors="0">
  <testcase name="createUser" time="0.003" classname="com.edureka.testng.AppDemo"/>
  <testcase name="deleteUser" time="0.004" classname="com.edureka.testng.AppDemo"/>
  <testcase name="editUser" classname="com.edureka.testng.AppDemo">
    <skipped/>
  </testcase> <!-- editUser -->
</testsuite> <!-- com.edureka.testng.AppDemo -->
