<?xml version="1.0" encoding="UTF-8"?>
<!-- Generated by org.testng.reporters.JUnitReportReporter -->
<testsuite skipped="0" hostname="DESKTOP-01THEB1" name="com.edureka.testng.TestNgDemo" tests="2" failures="0" timestamp="14 Oct 2019 02:23:57 GMT" time="0.041" errors="0">
  <testcase name="display" time="0.035" classname="com.edureka.testng.TestNgDemo"/>
  <testcase name="sample" time="0.006" classname="com.edureka.testng.TestNgDemo"/>
</testsuite> <!-- com.edureka.testng.TestNgDemo -->
