<?xml version="1.0" encoding="UTF-8"?>
<!-- Generated by org.testng.reporters.JUnitReportReporter -->
<testsuite skipped="0" hostname="DESKTOP-01THEB1" name="com.edureka.thirdpartytools.LoginToFacbookUsingSikuli" tests="1" failures="0" timestamp="23 Oct 2019 01:58:32 GMT" time="47.847" errors="0">
  <testcase name="login" time="47.847" classname="com.edureka.thirdpartytools.LoginToFacbookUsingSikuli"/>
</testsuite> <!-- com.edureka.thirdpartytools.LoginToFacbookUsingSikuli -->
