<?xml version="1.0" encoding="UTF-8"?>
<!-- Generated by org.testng.reporters.JUnitReportReporter -->
<testsuite skipped="0" hostname="DESKTOP-01THEB1" name="com.edureka.thirdpartytools.ComposeEmailWithAttachment" tests="1" failures="0" timestamp="23 Oct 2019 02:27:25 GMT" time="98.476" errors="0">
  <testcase name="composeEmail" time="98.476" classname="com.edureka.thirdpartytools.ComposeEmailWithAttachment"/>
</testsuite> <!-- com.edureka.thirdpartytools.ComposeEmailWithAttachment -->
