<?xml version="1.0" encoding="UTF-8"?>
<!-- Generated by org.testng.reporters.JUnitReportReporter -->
<testsuite skipped="0" hostname="DESKTOP-01THEB1" name="com.edureka.testng.LoginToGmail" tests="3" failures="0" timestamp="16 Oct 2019 01:47:47 GMT" time="121.101" errors="0">
  <testcase name="login" time="34.677" classname="com.edureka.testng.LoginToGmail"/>
  <testcase name="login" time="36.448" classname="com.edureka.testng.LoginToGmail"/>
  <testcase name="login" time="49.976" classname="com.edureka.testng.LoginToGmail"/>
</testsuite> <!-- com.edureka.testng.LoginToGmail -->
