<?xml version="1.0" encoding="UTF-8"?>
<!-- Generated by org.testng.reporters.JUnitReportReporter -->
<testsuite skipped="0" hostname="DESKTOP-01THEB1" name="com.edureka.testng.AnnotationsDemo" tests="2" failures="0" timestamp="15 Oct 2019 01:55:43 GMT" time="0.027" errors="0">
  <testcase name="testcase2" time="0.011" classname="com.edureka.testng.AnnotationsDemo"/>
  <testcase name="testcase" time="0.016" classname="com.edureka.testng.AnnotationsDemo"/>
</testsuite> <!-- com.edureka.testng.AnnotationsDemo -->
